<?xml version="1.0" encoding="UTF-8"?>
<testng-results ignored="0" total="1" passed="1" failed="0" skipped="0">
  <reporter-output>
  </reporter-output>
  <suite started-at="2024-08-06T19:44:03 IST" name="Suite" finished-at="2024-08-06T19:44:12 IST" duration-ms="9520">
    <groups>
    </groups>
    <test started-at="2024-08-06T19:44:03 IST" name="Test" finished-at="2024-08-06T19:44:12 IST" duration-ms="9520">
      <class name="ragulProject1.StandAloneTest">
        <test-method signature="test1()[pri:0, instance:ragulProject1.StandAloneTest@3d74bf60]" started-at="2024-08-06T19:44:03 IST" name="test1" finished-at="2024-08-06T19:44:12 IST" duration-ms="9484" status="PASS">
          <reporter-output>
          </reporter-output>
        </test-method> <!-- test1 -->
      </class> <!-- ragulProject1.StandAloneTest -->
    </test> <!-- Test -->
  </suite> <!-- Suite -->
</testng-results>
